[11.08.23|05:56:50] Folder: "/db" FOUND
[11.08.23|05:56:50] DATABASE: "users.db" FOUND
[11.08.23|05:56:50] TABLE: "Users" FOUND
[11.08.23|05:56:50] DATABASE: "posts.db" FOUND
[11.08.23|05:56:50] TABLE: "Posts" FOUND
[11.08.23|05:56:50] DATABASE: "comments.db" FOUND
[11.08.23|05:56:50] TABLE: "Comments" FOUND
[11.08.23|05:56:52] Folder: "/db" FOUND
[11.08.23|05:56:52] DATABASE: "users.db" FOUND
[11.08.23|05:56:52] TABLE: "Users" FOUND
[11.08.23|05:56:52] DATABASE: "posts.db" FOUND
[11.08.23|05:56:52] TABLE: "Posts" FOUND
[11.08.23|05:56:52] DATABASE: "comments.db" FOUND
[11.08.23|05:56:52] TABLE: "Comments" FOUND
[11.08.23|05:58:42] USER: "Cornelius" ADDED TO DATABASE
[11.08.23|05:59:04] 1 POINTS ADDED TO "Cornelius"
[11.08.23|05:59:04] USER: "Cornelius" LOGGED IN
[11.08.23|06:09:53] Folder: "/db" FOUND
[11.08.23|06:09:53] DATABASE: "users.db" FOUND
[11.08.23|06:09:53] TABLE: "Users" FOUND
[11.08.23|06:09:53] DATABASE: "posts.db" FOUND
[11.08.23|06:09:53] TABLE: "Posts" FOUND
[11.08.23|06:09:53] DATABASE: "comments.db" FOUND
[11.08.23|06:09:53] TABLE: "Comments" FOUND
[11.08.23|06:10:45] Folder: "/db" FOUND
[11.08.23|06:10:45] DATABASE: "users.db" FOUND
[11.08.23|06:10:45] TABLE: "Users" FOUND
[11.08.23|06:10:45] DATABASE: "posts.db" FOUND
[11.08.23|06:10:45] TABLE: "Posts" FOUND
[11.08.23|06:10:45] DATABASE: "comments.db" FOUND
[11.08.23|06:10:45] TABLE: "Comments" FOUND
